\BOOKMARK [0][-]{chapter.1}{\376\377\0001\000\040\000N\000a\000m\000e\000s\000p\000a\000c\000e\000\040\000I\000n\000d\000e\000x}{}% 1
\BOOKMARK [1][-]{section.1.1}{\376\377\0001\000.\0001\000\040\000N\000a\000m\000e\000s\000p\000a\000c\000e\000\040\000L\000i\000s\000t}{chapter.1}% 2
\BOOKMARK [0][-]{chapter.2}{\376\377\0002\000\040\000H\000i\000e\000r\000a\000r\000c\000h\000i\000c\000a\000l\000\040\000I\000n\000d\000e\000x}{}% 3
\BOOKMARK [1][-]{section.2.1}{\376\377\0002\000.\0001\000\040\000C\000l\000a\000s\000s\000\040\000H\000i\000e\000r\000a\000r\000c\000h\000y}{chapter.2}% 4
\BOOKMARK [0][-]{chapter.3}{\376\377\0003\000\040\000C\000l\000a\000s\000s\000\040\000I\000n\000d\000e\000x}{}% 5
\BOOKMARK [1][-]{section.3.1}{\376\377\0003\000.\0001\000\040\000C\000l\000a\000s\000s\000\040\000L\000i\000s\000t}{chapter.3}% 6
\BOOKMARK [0][-]{chapter.4}{\376\377\0004\000\040\000F\000i\000l\000e\000\040\000I\000n\000d\000e\000x}{}% 7
\BOOKMARK [1][-]{section.4.1}{\376\377\0004\000.\0001\000\040\000F\000i\000l\000e\000\040\000L\000i\000s\000t}{chapter.4}% 8
\BOOKMARK [0][-]{chapter.5}{\376\377\0005\000\040\000N\000a\000m\000e\000s\000p\000a\000c\000e\000\040\000D\000o\000c\000u\000m\000e\000n\000t\000a\000t\000i\000o\000n}{}% 9
\BOOKMARK [1][-]{section.5.1}{\376\377\0005\000.\0001\000\040\000G\000N\000C\000o\000m\000m\000o\000n\000\040\000N\000a\000m\000e\000s\000p\000a\000c\000e\000\040\000R\000e\000f\000e\000r\000e\000n\000c\000e}{chapter.5}% 10
\BOOKMARK [2][-]{subsection.5.1.1}{\376\377\0005\000.\0001\000.\0001\000\040\000D\000e\000t\000a\000i\000l\000e\000d\000\040\000D\000e\000s\000c\000r\000i\000p\000t\000i\000o\000n}{section.5.1}% 11
\BOOKMARK [2][-]{subsection.5.1.2}{\376\377\0005\000.\0001\000.\0002\000\040\000T\000y\000p\000e\000d\000e\000f\000\040\000D\000o\000c\000u\000m\000e\000n\000t\000a\000t\000i\000o\000n}{section.5.1}% 12
\BOOKMARK [3][-]{subsubsection.5.1.2.1}{\376\377\0005\000.\0001\000.\0002\000.\0001\000\040\000T\000b\0008}{subsection.5.1.2}% 13
\BOOKMARK [3][-]{subsubsection.5.1.2.2}{\376\377\0005\000.\0001\000.\0002\000.\0002\000\040\000T\000c\0008}{subsection.5.1.2}% 14
\BOOKMARK [3][-]{subsubsection.5.1.2.3}{\376\377\0005\000.\0001\000.\0002\000.\0003\000\040\000T\000f\0003\0002}{subsection.5.1.2}% 15
\BOOKMARK [3][-]{subsubsection.5.1.2.4}{\376\377\0005\000.\0001\000.\0002\000.\0004\000\040\000T\000f\0006\0004}{subsection.5.1.2}% 16
\BOOKMARK [3][-]{subsubsection.5.1.2.5}{\376\377\0005\000.\0001\000.\0002\000.\0005\000\040\000T\000i\0001\0006}{subsection.5.1.2}% 17
\BOOKMARK [3][-]{subsubsection.5.1.2.6}{\376\377\0005\000.\0001\000.\0002\000.\0006\000\040\000T\000i\0003\0002}{subsection.5.1.2}% 18
\BOOKMARK [3][-]{subsubsection.5.1.2.7}{\376\377\0005\000.\0001\000.\0002\000.\0007\000\040\000T\000i\0006\0004}{subsection.5.1.2}% 19
\BOOKMARK [3][-]{subsubsection.5.1.2.8}{\376\377\0005\000.\0001\000.\0002\000.\0008\000\040\000T\000i\0008}{subsection.5.1.2}% 20
\BOOKMARK [3][-]{subsubsection.5.1.2.9}{\376\377\0005\000.\0001\000.\0002\000.\0009\000\040\000T\000u\0001\0006}{subsection.5.1.2}% 21
\BOOKMARK [3][-]{subsubsection.5.1.2.10}{\376\377\0005\000.\0001\000.\0002\000.\0001\0000\000\040\000T\000u\0003\0002}{subsection.5.1.2}% 22
\BOOKMARK [3][-]{subsubsection.5.1.2.11}{\376\377\0005\000.\0001\000.\0002\000.\0001\0001\000\040\000T\000u\0006\0004}{subsection.5.1.2}% 23
\BOOKMARK [3][-]{subsubsection.5.1.2.12}{\376\377\0005\000.\0001\000.\0002\000.\0001\0002\000\040\000T\000u\0008}{subsection.5.1.2}% 24
\BOOKMARK [1][-]{section.5.2}{\376\377\0005\000.\0002\000\040\000G\000N\000C\000o\000m\000m\000o\000n\000:\000:\000N\000D\000a\000t\000a\000A\000u\000t\000h\000e\000n\000t\000i\000c\000a\000t\000i\000o\000n\000\040\000N\000a\000m\000e\000s\000p\000a\000c\000e\000\040\000R\000e\000f\000e\000r\000e\000n\000c\000e}{chapter.5}% 25
\BOOKMARK [2][-]{subsection.5.2.1}{\376\377\0005\000.\0002\000.\0001\000\040\000D\000e\000t\000a\000i\000l\000e\000d\000\040\000D\000e\000s\000c\000r\000i\000p\000t\000i\000o\000n}{section.5.2}% 26
\BOOKMARK [1][-]{section.5.3}{\376\377\0005\000.\0003\000\040\000G\000N\000C\000o\000m\000m\000o\000n\000:\000:\000N\000N\000o\000t\000i\000f\000i\000c\000a\000t\000i\000o\000n\000\040\000N\000a\000m\000e\000s\000p\000a\000c\000e\000\040\000R\000e\000f\000e\000r\000e\000n\000c\000e}{chapter.5}% 27
\BOOKMARK [2][-]{subsection.5.3.1}{\376\377\0005\000.\0003\000.\0001\000\040\000D\000e\000t\000a\000i\000l\000e\000d\000\040\000D\000e\000s\000c\000r\000i\000p\000t\000i\000o\000n}{section.5.3}% 28
\BOOKMARK [2][-]{subsection.5.3.2}{\376\377\0005\000.\0003\000.\0002\000\040\000E\000n\000u\000m\000e\000r\000a\000t\000i\000o\000n\000\040\000T\000y\000p\000e\000\040\000D\000o\000c\000u\000m\000e\000n\000t\000a\000t\000i\000o\000n}{section.5.3}% 29
\BOOKMARK [3][-]{subsubsection.5.3.2.1}{\376\377\0005\000.\0003\000.\0002\000.\0001\000\040\000T\000c\000C\000o\000m\000p\000o\000n\000e\000n\000t\000I\000d}{subsection.5.3.2}% 30
\BOOKMARK [3][-]{subsubsection.5.3.2.2}{\376\377\0005\000.\0003\000.\0002\000.\0002\000\040\000T\000c\000C\000r\000i\000t\000i\000c\000a\000l\000i\000t\000y}{subsection.5.3.2}% 31
\BOOKMARK [3][-]{subsubsection.5.3.2.3}{\376\377\0005\000.\0003\000.\0002\000.\0003\000\040\000T\000c\000E\000v\000e\000n\000t\000I\000d}{subsection.5.3.2}% 32
\BOOKMARK [3][-]{subsubsection.5.3.2.4}{\376\377\0005\000.\0003\000.\0002\000.\0004\000\040\000T\000c\000G\000r\000o\000u\000p\000I\000d}{subsection.5.3.2}% 33
\BOOKMARK [0][-]{chapter.6}{\376\377\0006\000\040\000C\000l\000a\000s\000s\000\040\000D\000o\000c\000u\000m\000e\000n\000t\000a\000t\000i\000o\000n}{}% 34
\BOOKMARK [1][-]{section.6.1}{\376\377\0006\000.\0001\000\040\000G\000N\000C\000o\000m\000m\000o\000n\000:\000:\000N\000C\000o\000m\000p\000o\000n\000e\000n\000t\000:\000:\000G\000T\000c\000E\000v\000e\000n\000t\000<\000\040\000a\000u\000i\000M\000a\000x\000L\000i\000s\000t\000e\000n\000e\000r\000s\000\040\000>\000\040\000C\000l\000a\000s\000s\000\040\000T\000e\000m\000p\000l\000a\000t\000e\000\040\000R\000e\000f\000e\000r\000e\000n\000c\000e}{chapter.6}% 35
\BOOKMARK [2][-]{subsection.6.1.1}{\376\377\0006\000.\0001\000.\0001\000\040\000D\000e\000t\000a\000i\000l\000e\000d\000\040\000D\000e\000s\000c\000r\000i\000p\000t\000i\000o\000n}{section.6.1}% 36
\BOOKMARK [1][-]{section.6.2}{\376\377\0006\000.\0002\000\040\000G\000N\000C\000o\000m\000m\000o\000n\000:\000:\000N\000C\000o\000n\000t\000a\000i\000n\000e\000r\000s\000:\000:\000G\000T\000c\000L\000i\000n\000k\000e\000d\000L\000i\000s\000t\000<\000\040\000G\000T\000c\000T\000y\000p\000e\000\040\000>\000\040\000C\000l\000a\000s\000s\000\040\000T\000e\000m\000p\000l\000a\000t\000e\000\040\000R\000e\000f\000e\000r\000e\000n\000c\000e}{chapter.6}% 37
\BOOKMARK [2][-]{subsection.6.2.1}{\376\377\0006\000.\0002\000.\0001\000\040\000D\000e\000t\000a\000i\000l\000e\000d\000\040\000D\000e\000s\000c\000r\000i\000p\000t\000i\000o\000n}{section.6.2}% 38
\BOOKMARK [1][-]{section.6.3}{\376\377\0006\000.\0003\000\040\000G\000N\000C\000o\000m\000m\000o\000n\000:\000:\000N\000C\000o\000n\000t\000a\000i\000n\000e\000r\000s\000:\000:\000G\000T\000c\000L\000i\000s\000t\000<\000\040\000G\000T\000c\000T\000y\000p\000e\000\040\000>\000\040\000C\000l\000a\000s\000s\000\040\000T\000e\000m\000p\000l\000a\000t\000e\000\040\000R\000e\000f\000e\000r\000e\000n\000c\000e}{chapter.6}% 39
\BOOKMARK [2][-]{subsection.6.3.1}{\376\377\0006\000.\0003\000.\0001\000\040\000D\000e\000t\000a\000i\000l\000e\000d\000\040\000D\000e\000s\000c\000r\000i\000p\000t\000i\000o\000n}{section.6.3}% 40
\BOOKMARK [1][-]{section.6.4}{\376\377\0006\000.\0004\000\040\000G\000N\000C\000o\000m\000m\000o\000n\000:\000:\000N\000C\000o\000m\000p\000o\000n\000e\000n\000t\000:\000:\000G\000T\000c\000L\000i\000s\000t\000e\000n\000e\000r\000\040\000C\000l\000a\000s\000s\000\040\000R\000e\000f\000e\000r\000e\000n\000c\000e}{chapter.6}% 41
\BOOKMARK [2][-]{subsection.6.4.1}{\376\377\0006\000.\0004\000.\0001\000\040\000D\000e\000t\000a\000i\000l\000e\000d\000\040\000D\000e\000s\000c\000r\000i\000p\000t\000i\000o\000n}{section.6.4}% 42
\BOOKMARK [1][-]{section.6.5}{\376\377\0006\000.\0005\000\040\000G\000N\000C\000o\000m\000m\000o\000n\000:\000:\000N\000C\000o\000n\000t\000a\000i\000n\000e\000r\000s\000:\000:\000G\000T\000c\000L\000i\000s\000t\000N\000o\000d\000e\000<\000\040\000G\000T\000c\000T\000y\000p\000e\000\040\000>\000\040\000C\000l\000a\000s\000s\000\040\000T\000e\000m\000p\000l\000a\000t\000e\000\040\000R\000e\000f\000e\000r\000e\000n\000c\000e}{chapter.6}% 43
\BOOKMARK [2][-]{subsection.6.5.1}{\376\377\0006\000.\0005\000.\0001\000\040\000D\000e\000t\000a\000i\000l\000e\000d\000\040\000D\000e\000s\000c\000r\000i\000p\000t\000i\000o\000n}{section.6.5}% 44
\BOOKMARK [1][-]{section.6.6}{\376\377\0006\000.\0006\000\040\000G\000N\000C\000o\000m\000m\000o\000n\000:\000:\000N\000C\000o\000n\000t\000a\000i\000n\000e\000r\000s\000:\000:\000G\000T\000c\000Q\000u\000e\000u\000e\000<\000\040\000G\000T\000c\000T\000y\000p\000e\000\040\000>\000\040\000C\000l\000a\000s\000s\000\040\000T\000e\000m\000p\000l\000a\000t\000e\000\040\000R\000e\000f\000e\000r\000e\000n\000c\000e}{chapter.6}% 45
\BOOKMARK [2][-]{subsection.6.6.1}{\376\377\0006\000.\0006\000.\0001\000\040\000D\000e\000t\000a\000i\000l\000e\000d\000\040\000D\000e\000s\000c\000r\000i\000p\000t\000i\000o\000n}{section.6.6}% 46
\BOOKMARK [1][-]{section.6.7}{\376\377\0006\000.\0007\000\040\000G\000N\000C\000o\000m\000m\000o\000n\000:\000:\000G\000T\000c\000S\000t\000o\000p\000W\000a\000t\000c\000h\000\040\000C\000l\000a\000s\000s\000\040\000R\000e\000f\000e\000r\000e\000n\000c\000e}{chapter.6}% 47
\BOOKMARK [2][-]{subsection.6.7.1}{\376\377\0006\000.\0007\000.\0001\000\040\000D\000e\000t\000a\000i\000l\000e\000d\000\040\000D\000e\000s\000c\000r\000i\000p\000t\000i\000o\000n}{section.6.7}% 48
\BOOKMARK [2][-]{subsection.6.7.2}{\376\377\0006\000.\0007\000.\0002\000\040\000M\000e\000m\000b\000e\000r\000\040\000D\000a\000t\000a\000\040\000D\000o\000c\000u\000m\000e\000n\000t\000a\000t\000i\000o\000n}{section.6.7}% 49
\BOOKMARK [3][-]{subsubsection.6.7.2.1}{\376\377\0006\000.\0007\000.\0002\000.\0001\000\040\000x\000u\000l\000T\000i\000m\000e\000B\000a\000s\000e}{subsection.6.7.2}% 50
\BOOKMARK [1][-]{section.6.8}{\376\377\0006\000.\0008\000\040\000G\000N\000C\000o\000m\000m\000o\000n\000:\000:\000N\000N\000o\000t\000i\000f\000i\000c\000a\000t\000i\000o\000n\000:\000:\000T\000c\000A\000l\000e\000r\000t\000\040\000C\000l\000a\000s\000s\000\040\000R\000e\000f\000e\000r\000e\000n\000c\000e}{chapter.6}% 51
\BOOKMARK [2][-]{subsection.6.8.1}{\376\377\0006\000.\0008\000.\0001\000\040\000D\000e\000t\000a\000i\000l\000e\000d\000\040\000D\000e\000s\000c\000r\000i\000p\000t\000i\000o\000n}{section.6.8}% 52
\BOOKMARK [2][-]{subsection.6.8.2}{\376\377\0006\000.\0008\000.\0002\000\040\000C\000o\000n\000s\000t\000r\000u\000c\000t\000o\000r\000\040\000\046\000\040\000D\000e\000s\000t\000r\000u\000c\000t\000o\000r\000\040\000D\000o\000c\000u\000m\000e\000n\000t\000a\000t\000i\000o\000n}{section.6.8}% 53
\BOOKMARK [3][-]{subsubsection.6.8.2.1}{\376\377\0006\000.\0008\000.\0002\000.\0001\000\040\000T\000c\000A\000l\000e\000r\000t\000\050\000\051\000\040\000[\0001\000/\0002\000]}{subsection.6.8.2}% 54
\BOOKMARK [3][-]{subsubsection.6.8.2.2}{\376\377\0006\000.\0008\000.\0002\000.\0002\000\040\000\040\000T\000c\000A\000l\000e\000r\000t\000\050\000\051}{subsection.6.8.2}% 55
\BOOKMARK [3][-]{subsubsection.6.8.2.3}{\376\377\0006\000.\0008\000.\0002\000.\0003\000\040\000T\000c\000A\000l\000e\000r\000t\000\050\000\051\000\040\000[\0002\000/\0002\000]}{subsection.6.8.2}% 56
\BOOKMARK [2][-]{subsection.6.8.3}{\376\377\0006\000.\0008\000.\0003\000\040\000M\000e\000m\000b\000e\000r\000\040\000F\000u\000n\000c\000t\000i\000o\000n\000\040\000D\000o\000c\000u\000m\000e\000n\000t\000a\000t\000i\000o\000n}{section.6.8}% 57
\BOOKMARK [3][-]{subsubsection.6.8.3.1}{\376\377\0006\000.\0008\000.\0003\000.\0001\000\040\000M\000G\000e\000t\000D\000a\000t\000a\000\050\000\051}{subsection.6.8.3}% 58
\BOOKMARK [3][-]{subsubsection.6.8.3.2}{\376\377\0006\000.\0008\000.\0003\000.\0002\000\040\000M\000G\000e\000t\000I\000d\000e\000n\000t\000i\000f\000i\000e\000r\000\050\000\051}{subsection.6.8.3}% 59
\BOOKMARK [3][-]{subsubsection.6.8.3.3}{\376\377\0006\000.\0008\000.\0003\000.\0003\000\040\000M\000G\000e\000t\000S\000t\000a\000t\000u\000s\000\050\000\051}{subsection.6.8.3}% 60
\BOOKMARK [3][-]{subsubsection.6.8.3.4}{\376\377\0006\000.\0008\000.\0003\000.\0004\000\040\000M\000G\000e\000t\000T\000i\000m\000e\000s\000t\000a\000m\000p\000\050\000\051}{subsection.6.8.3}% 61
\BOOKMARK [3][-]{subsubsection.6.8.3.5}{\376\377\0006\000.\0008\000.\0003\000.\0005\000\040\000M\000S\000e\000t\000D\000a\000t\000a\000\050\000\051}{subsection.6.8.3}% 62
\BOOKMARK [3][-]{subsubsection.6.8.3.6}{\376\377\0006\000.\0008\000.\0003\000.\0006\000\040\000M\000S\000e\000t\000I\000d\000e\000n\000t\000i\000f\000i\000e\000r\000\050\000\051}{subsection.6.8.3}% 63
\BOOKMARK [3][-]{subsubsection.6.8.3.7}{\376\377\0006\000.\0008\000.\0003\000.\0007\000\040\000M\000S\000e\000t\000S\000t\000a\000t\000u\000s\000\050\000\051}{subsection.6.8.3}% 64
\BOOKMARK [3][-]{subsubsection.6.8.3.8}{\376\377\0006\000.\0008\000.\0003\000.\0008\000\040\000M\000S\000e\000t\000T\000i\000m\000e\000s\000t\000a\000m\000p\000\050\000\051}{subsection.6.8.3}% 65
\BOOKMARK [3][-]{subsubsection.6.8.3.9}{\376\377\0006\000.\0008\000.\0003\000.\0009\000\040\000o\000p\000e\000r\000a\000t\000o\000r\000=\000\050\000\051}{subsection.6.8.3}% 66
\BOOKMARK [2][-]{subsection.6.8.4}{\376\377\0006\000.\0008\000.\0004\000\040\000M\000e\000m\000b\000e\000r\000\040\000D\000a\000t\000a\000\040\000D\000o\000c\000u\000m\000e\000n\000t\000a\000t\000i\000o\000n}{section.6.8}% 67
\BOOKMARK [3][-]{subsubsection.6.8.4.1}{\376\377\0006\000.\0008\000.\0004\000.\0001\000\040\000v\000o\000I\000D}{subsection.6.8.4}% 68
\BOOKMARK [3][-]{subsubsection.6.8.4.2}{\376\377\0006\000.\0008\000.\0004\000.\0002\000\040\000v\000o\000S\000t\000a\000t\000u\000s}{subsection.6.8.4}% 69
\BOOKMARK [3][-]{subsubsection.6.8.4.3}{\376\377\0006\000.\0008\000.\0004\000.\0003\000\040\000v\000u\000l\000D\000a\000t\000a}{subsection.6.8.4}% 70
\BOOKMARK [3][-]{subsubsection.6.8.4.4}{\376\377\0006\000.\0008\000.\0004\000.\0004\000\040\000v\000u\000l\000T\000i\000m\000e\000s\000t\000a\000m\000p}{subsection.6.8.4}% 71
\BOOKMARK [3][-]{subsubsection.6.8.4.5}{\376\377\0006\000.\0008\000.\0004\000.\0005\000\040\000X\000u\000i\000S\000i\000z\000e\000O\000f\000I\000d\000e\000n\000t\000i\000f\000i\000e\000r}{subsection.6.8.4}% 72
\BOOKMARK [3][-]{subsubsection.6.8.4.6}{\376\377\0006\000.\0008\000.\0004\000.\0006\000\040\000X\000u\000i\000S\000i\000z\000e\000O\000f\000S\000t\000a\000t\000u\000s}{subsection.6.8.4}% 73
\BOOKMARK [1][-]{section.6.9}{\376\377\0006\000.\0009\000\040\000G\000N\000C\000o\000m\000m\000o\000n\000:\000:\000N\000D\000a\000t\000a\000A\000u\000t\000h\000e\000n\000t\000i\000c\000a\000t\000i\000o\000n\000:\000:\000T\000c\000C\000R\000C\0003\0002\000\040\000C\000l\000a\000s\000s\000\040\000R\000e\000f\000e\000r\000e\000n\000c\000e}{chapter.6}% 74
\BOOKMARK [2][-]{subsection.6.9.1}{\376\377\0006\000.\0009\000.\0001\000\040\000D\000e\000t\000a\000i\000l\000e\000d\000\040\000D\000e\000s\000c\000r\000i\000p\000t\000i\000o\000n}{section.6.9}% 75
\BOOKMARK [2][-]{subsection.6.9.2}{\376\377\0006\000.\0009\000.\0002\000\040\000M\000e\000m\000b\000e\000r\000\040\000D\000a\000t\000a\000\040\000D\000o\000c\000u\000m\000e\000n\000t\000a\000t\000i\000o\000n}{section.6.9}% 76
\BOOKMARK [3][-]{subsubsection.6.9.2.1}{\376\377\0006\000.\0009\000.\0002\000.\0001\000\040\000x\000u\000i\000T\000a\000b\000l\000e}{subsection.6.9.2}% 77
\BOOKMARK [1][-]{section.6.10}{\376\377\0006\000.\0001\0000\000\040\000G\000N\000C\000o\000m\000m\000o\000n\000:\000:\000N\000N\000o\000t\000i\000f\000i\000c\000a\000t\000i\000o\000n\000:\000:\000T\000c\000I\000d\000e\000n\000t\000i\000f\000i\000e\000r\000\040\000C\000l\000a\000s\000s\000\040\000R\000e\000f\000e\000r\000e\000n\000c\000e}{chapter.6}% 78
\BOOKMARK [2][-]{subsection.6.10.1}{\376\377\0006\000.\0001\0000\000.\0001\000\040\000D\000e\000t\000a\000i\000l\000e\000d\000\040\000D\000e\000s\000c\000r\000i\000p\000t\000i\000o\000n}{section.6.10}% 79
\BOOKMARK [2][-]{subsection.6.10.2}{\376\377\0006\000.\0001\0000\000.\0002\000\040\000C\000o\000n\000s\000t\000r\000u\000c\000t\000o\000r\000\040\000\046\000\040\000D\000e\000s\000t\000r\000u\000c\000t\000o\000r\000\040\000D\000o\000c\000u\000m\000e\000n\000t\000a\000t\000i\000o\000n}{section.6.10}% 80
\BOOKMARK [3][-]{subsubsection.6.10.2.1}{\376\377\0006\000.\0001\0000\000.\0002\000.\0001\000\040\000T\000c\000I\000d\000e\000n\000t\000i\000f\000i\000e\000r\000\050\000\051\000\040\000[\0001\000/\0002\000]}{subsection.6.10.2}% 81
\BOOKMARK [3][-]{subsubsection.6.10.2.2}{\376\377\0006\000.\0001\0000\000.\0002\000.\0002\000\040\000T\000c\000I\000d\000e\000n\000t\000i\000f\000i\000e\000r\000\050\000\051\000\040\000[\0002\000/\0002\000]}{subsection.6.10.2}% 82
\BOOKMARK [3][-]{subsubsection.6.10.2.3}{\376\377\0006\000.\0001\0000\000.\0002\000.\0003\000\040\000\040\000T\000c\000I\000d\000e\000n\000t\000i\000f\000i\000e\000r\000\050\000\051}{subsection.6.10.2}% 83
\BOOKMARK [2][-]{subsection.6.10.3}{\376\377\0006\000.\0001\0000\000.\0003\000\040\000M\000e\000m\000b\000e\000r\000\040\000F\000u\000n\000c\000t\000i\000o\000n\000\040\000D\000o\000c\000u\000m\000e\000n\000t\000a\000t\000i\000o\000n}{section.6.10}% 84
\BOOKMARK [3][-]{subsubsection.6.10.3.1}{\376\377\0006\000.\0001\0000\000.\0003\000.\0001\000\040\000o\000p\000e\000r\000a\000t\000o\000r\000!\000=\000\050\000\051}{subsection.6.10.3}% 85
\BOOKMARK [3][-]{subsubsection.6.10.3.2}{\376\377\0006\000.\0001\0000\000.\0003\000.\0002\000\040\000o\000p\000e\000r\000a\000t\000o\000r\000=\000\050\000\051}{subsection.6.10.3}% 86
\BOOKMARK [3][-]{subsubsection.6.10.3.3}{\376\377\0006\000.\0001\0000\000.\0003\000.\0003\000\040\000o\000p\000e\000r\000a\000t\000o\000r\000=\000=\000\050\000\051}{subsection.6.10.3}% 87
\BOOKMARK [2][-]{subsection.6.10.4}{\376\377\0006\000.\0001\0000\000.\0004\000\040\000M\000e\000m\000b\000e\000r\000\040\000D\000a\000t\000a\000\040\000D\000o\000c\000u\000m\000e\000n\000t\000a\000t\000i\000o\000n}{section.6.10}% 88
\BOOKMARK [3][-]{subsubsection.6.10.4.1}{\376\377\0006\000.\0001\0000\000.\0004\000.\0001\000\040\000v\000o\000C\000o\000m\000p\000D\000e\000t}{subsection.6.10.4}% 89
\BOOKMARK [3][-]{subsubsection.6.10.4.2}{\376\377\0006\000.\0001\0000\000.\0004\000.\0002\000\040\000v\000o\000C\000o\000m\000p\000G\000e\000n}{subsection.6.10.4}% 90
\BOOKMARK [3][-]{subsubsection.6.10.4.3}{\376\377\0006\000.\0001\0000\000.\0004\000.\0003\000\040\000v\000o\000G\000r\000o\000u\000p}{subsection.6.10.4}% 91
\BOOKMARK [3][-]{subsubsection.6.10.4.4}{\376\377\0006\000.\0001\0000\000.\0004\000.\0004\000\040\000v\000u\000c\000I\000n\000d\000e\000x}{subsection.6.10.4}% 92
\BOOKMARK [1][-]{section.6.11}{\376\377\0006\000.\0001\0001\000\040\000G\000N\000C\000o\000m\000m\000o\000n\000:\000:\000N\000C\000o\000m\000p\000o\000n\000e\000n\000t\000:\000:\000T\000c\000M\000o\000d\000e\000l\000\040\000C\000l\000a\000s\000s\000\040\000R\000e\000f\000e\000r\000e\000n\000c\000e}{chapter.6}% 93
\BOOKMARK [2][-]{subsection.6.11.1}{\376\377\0006\000.\0001\0001\000.\0001\000\040\000D\000e\000t\000a\000i\000l\000e\000d\000\040\000D\000e\000s\000c\000r\000i\000p\000t\000i\000o\000n}{section.6.11}% 94
\BOOKMARK [1][-]{section.6.12}{\376\377\0006\000.\0001\0002\000\040\000G\000N\000C\000o\000m\000m\000o\000n\000:\000:\000N\000N\000o\000t\000i\000f\000i\000c\000a\000t\000i\000o\000n\000:\000:\000T\000c\000S\000t\000a\000t\000u\000s\000\040\000C\000l\000a\000s\000s\000\040\000R\000e\000f\000e\000r\000e\000n\000c\000e}{chapter.6}% 95
\BOOKMARK [2][-]{subsection.6.12.1}{\376\377\0006\000.\0001\0002\000.\0001\000\040\000D\000e\000t\000a\000i\000l\000e\000d\000\040\000D\000e\000s\000c\000r\000i\000p\000t\000i\000o\000n}{section.6.12}% 96
\BOOKMARK [2][-]{subsection.6.12.2}{\376\377\0006\000.\0001\0002\000.\0002\000\040\000C\000o\000n\000s\000t\000r\000u\000c\000t\000o\000r\000\040\000\046\000\040\000D\000e\000s\000t\000r\000u\000c\000t\000o\000r\000\040\000D\000o\000c\000u\000m\000e\000n\000t\000a\000t\000i\000o\000n}{section.6.12}% 97
\BOOKMARK [3][-]{subsubsection.6.12.2.1}{\376\377\0006\000.\0001\0002\000.\0002\000.\0001\000\040\000T\000c\000S\000t\000a\000t\000u\000s\000\050\000\051\000\040\000[\0001\000/\0002\000]}{subsection.6.12.2}% 98
\BOOKMARK [3][-]{subsubsection.6.12.2.2}{\376\377\0006\000.\0001\0002\000.\0002\000.\0002\000\040\000T\000c\000S\000t\000a\000t\000u\000s\000\050\000\051\000\040\000[\0002\000/\0002\000]}{subsection.6.12.2}% 99
\BOOKMARK [3][-]{subsubsection.6.12.2.3}{\376\377\0006\000.\0001\0002\000.\0002\000.\0003\000\040\000\040\000T\000c\000S\000t\000a\000t\000u\000s\000\050\000\051}{subsection.6.12.2}% 100
\BOOKMARK [2][-]{subsection.6.12.3}{\376\377\0006\000.\0001\0002\000.\0003\000\040\000M\000e\000m\000b\000e\000r\000\040\000F\000u\000n\000c\000t\000i\000o\000n\000\040\000D\000o\000c\000u\000m\000e\000n\000t\000a\000t\000i\000o\000n}{section.6.12}% 101
\BOOKMARK [3][-]{subsubsection.6.12.3.1}{\376\377\0006\000.\0001\0002\000.\0003\000.\0001\000\040\000o\000p\000e\000r\000a\000t\000o\000r\000!\000=\000\050\000\051}{subsection.6.12.3}% 102
\BOOKMARK [3][-]{subsubsection.6.12.3.2}{\376\377\0006\000.\0001\0002\000.\0003\000.\0002\000\040\000o\000p\000e\000r\000a\000t\000o\000r\000=\000\050\000\051}{subsection.6.12.3}% 103
\BOOKMARK [3][-]{subsubsection.6.12.3.3}{\376\377\0006\000.\0001\0002\000.\0003\000.\0003\000\040\000o\000p\000e\000r\000a\000t\000o\000r\000=\000=\000\050\000\051}{subsection.6.12.3}% 104
\BOOKMARK [2][-]{subsection.6.12.4}{\376\377\0006\000.\0001\0002\000.\0004\000\040\000M\000e\000m\000b\000e\000r\000\040\000D\000a\000t\000a\000\040\000D\000o\000c\000u\000m\000e\000n\000t\000a\000t\000i\000o\000n}{section.6.12}% 105
\BOOKMARK [3][-]{subsubsection.6.12.4.1}{\376\377\0006\000.\0001\0002\000.\0004\000.\0001\000\040\000v\000o\000C\000r\000i\000t\000i\000c\000a\000l\000i\000t\000y}{subsection.6.12.4}% 106
\BOOKMARK [3][-]{subsubsection.6.12.4.2}{\376\377\0006\000.\0001\0002\000.\0004\000.\0002\000\040\000v\000u\000c\000A\000c\000k\000n\000o\000w\000l\000e\000d\000g\000e\000d}{subsection.6.12.4}% 107
\BOOKMARK [3][-]{subsubsection.6.12.4.3}{\376\377\0006\000.\0001\0002\000.\0004\000.\0003\000\040\000v\000u\000c\000A\000c\000t\000i\000v\000e}{subsection.6.12.4}% 108
\BOOKMARK [3][-]{subsubsection.6.12.4.4}{\376\377\0006\000.\0001\0002\000.\0004\000.\0004\000\040\000v\000u\000c\000C\000h\000i\000l\000d\000r\000e\000n}{subsection.6.12.4}% 109
\BOOKMARK [3][-]{subsubsection.6.12.4.5}{\376\377\0006\000.\0001\0002\000.\0004\000.\0005\000\040\000v\000u\000c\000C\000l\000e\000a\000r\000e\000d}{subsection.6.12.4}% 110
\BOOKMARK [3][-]{subsubsection.6.12.4.6}{\376\377\0006\000.\0001\0002\000.\0004\000.\0006\000\040\000v\000u\000c\000S\000p\000a\000r\000e\0001}{subsection.6.12.4}% 111
\BOOKMARK [3][-]{subsubsection.6.12.4.7}{\376\377\0006\000.\0001\0002\000.\0004\000.\0007\000\040\000v\000u\000c\000S\000p\000a\000r\000e\0002}{subsection.6.12.4}% 112
\BOOKMARK [3][-]{subsubsection.6.12.4.8}{\376\377\0006\000.\0001\0002\000.\0004\000.\0008\000\040\000v\000u\000c\000T\000r\000i\000g\000g\000e\000r}{subsection.6.12.4}% 113
\BOOKMARK [0][-]{chapter.7}{\376\377\0007\000\040\000F\000i\000l\000e\000\040\000D\000o\000c\000u\000m\000e\000n\000t\000a\000t\000i\000o\000n}{}% 114
\BOOKMARK [1][-]{section.7.1}{\376\377\0007\000.\0001\000\040\000C\000:\000/\000P\000r\000o\000j\000e\000c\000t\000s\000/\000B\000e\000r\000g\000e\000r\000m\000e\000i\000s\000t\000e\000r\000H\000o\000m\000e\000/\000S\000o\000f\000t\000w\000a\000r\000e\000/\000C\000o\000m\000m\000o\000n\000/\000i\000n\000c\000/\000D\000a\000t\000a\000A\000u\000t\000h\000e\000n\000t\000i\000c\000a\000t\000i\000o\000n\000/\000C\000R\000C\0003\0002\000.\000h\000\040\000F\000i\000l\000e\000\040\000R\000e\000f\000e\000r\000e\000n\000c\000e}{chapter.7}% 115
\BOOKMARK [2][-]{subsection.7.1.1}{\376\377\0007\000.\0001\000.\0001\000\040\000D\000e\000t\000a\000i\000l\000e\000d\000\040\000D\000e\000s\000c\000r\000i\000p\000t\000i\000o\000n}{section.7.1}% 116
\BOOKMARK [1][-]{section.7.2}{\376\377\0007\000.\0002\000\040\000C\000R\000C\0003\0002\000.\000h}{chapter.7}% 117
\BOOKMARK [1][-]{section.7.3}{\376\377\0007\000.\0003\000\040\000C\000:\000/\000P\000r\000o\000j\000e\000c\000t\000s\000/\000B\000e\000r\000g\000e\000r\000m\000e\000i\000s\000t\000e\000r\000H\000o\000m\000e\000/\000S\000o\000f\000t\000w\000a\000r\000e\000/\000C\000o\000m\000m\000o\000n\000/\000i\000n\000c\000/\000N\000o\000t\000i\000f\000i\000c\000a\000t\000i\000o\000n\000/\000A\000l\000e\000r\000t\000.\000h\000\040\000F\000i\000l\000e\000\040\000R\000e\000f\000e\000r\000e\000n\000c\000e}{chapter.7}% 118
\BOOKMARK [2][-]{subsection.7.3.1}{\376\377\0007\000.\0003\000.\0001\000\040\000D\000e\000t\000a\000i\000l\000e\000d\000\040\000D\000e\000s\000c\000r\000i\000p\000t\000i\000o\000n}{section.7.3}% 119
\BOOKMARK [1][-]{section.7.4}{\376\377\0007\000.\0004\000\040\000A\000l\000e\000r\000t\000.\000h}{chapter.7}% 120
\BOOKMARK [1][-]{section.7.5}{\376\377\0007\000.\0005\000\040\000C\000:\000/\000P\000r\000o\000j\000e\000c\000t\000s\000/\000B\000e\000r\000g\000e\000r\000m\000e\000i\000s\000t\000e\000r\000H\000o\000m\000e\000/\000S\000o\000f\000t\000w\000a\000r\000e\000/\000C\000o\000m\000m\000o\000n\000/\000i\000n\000c\000/\000N\000o\000t\000i\000f\000i\000c\000a\000t\000i\000o\000n\000/\000C\000o\000m\000p\000o\000n\000e\000n\000t\000I\000d\000.\000h\000\040\000F\000i\000l\000e\000\040\000R\000e\000f\000e\000r\000e\000n\000c\000e}{chapter.7}% 121
\BOOKMARK [1][-]{section.7.6}{\376\377\0007\000.\0006\000\040\000C\000o\000m\000p\000o\000n\000e\000n\000t\000I\000d\000.\000h}{chapter.7}% 122
\BOOKMARK [1][-]{section.7.7}{\376\377\0007\000.\0007\000\040\000C\000:\000/\000P\000r\000o\000j\000e\000c\000t\000s\000/\000B\000e\000r\000g\000e\000r\000m\000e\000i\000s\000t\000e\000r\000H\000o\000m\000e\000/\000S\000o\000f\000t\000w\000a\000r\000e\000/\000C\000o\000m\000m\000o\000n\000/\000i\000n\000c\000/\000N\000o\000t\000i\000f\000i\000c\000a\000t\000i\000o\000n\000/\000C\000r\000i\000t\000i\000c\000a\000l\000i\000t\000y\000.\000h\000\040\000F\000i\000l\000e\000\040\000R\000e\000f\000e\000r\000e\000n\000c\000e}{chapter.7}% 123
\BOOKMARK [2][-]{subsection.7.7.1}{\376\377\0007\000.\0007\000.\0001\000\040\000D\000e\000t\000a\000i\000l\000e\000d\000\040\000D\000e\000s\000c\000r\000i\000p\000t\000i\000o\000n}{section.7.7}% 124
\BOOKMARK [1][-]{section.7.8}{\376\377\0007\000.\0008\000\040\000C\000r\000i\000t\000i\000c\000a\000l\000i\000t\000y\000.\000h}{chapter.7}% 125
\BOOKMARK [1][-]{section.7.9}{\376\377\0007\000.\0009\000\040\000C\000:\000/\000P\000r\000o\000j\000e\000c\000t\000s\000/\000B\000e\000r\000g\000e\000r\000m\000e\000i\000s\000t\000e\000r\000H\000o\000m\000e\000/\000S\000o\000f\000t\000w\000a\000r\000e\000/\000C\000o\000m\000m\000o\000n\000/\000i\000n\000c\000/\000N\000o\000t\000i\000f\000i\000c\000a\000t\000i\000o\000n\000/\000E\000v\000e\000n\000t\000I\000d\000.\000h\000\040\000F\000i\000l\000e\000\040\000R\000e\000f\000e\000r\000e\000n\000c\000e}{chapter.7}% 126
\BOOKMARK [2][-]{subsection.7.9.1}{\376\377\0007\000.\0009\000.\0001\000\040\000D\000e\000t\000a\000i\000l\000e\000d\000\040\000D\000e\000s\000c\000r\000i\000p\000t\000i\000o\000n}{section.7.9}% 127
\BOOKMARK [1][-]{section.7.10}{\376\377\0007\000.\0001\0000\000\040\000E\000v\000e\000n\000t\000I\000d\000.\000h}{chapter.7}% 128
\BOOKMARK [1][-]{section.7.11}{\376\377\0007\000.\0001\0001\000\040\000C\000:\000/\000P\000r\000o\000j\000e\000c\000t\000s\000/\000B\000e\000r\000g\000e\000r\000m\000e\000i\000s\000t\000e\000r\000H\000o\000m\000e\000/\000S\000o\000f\000t\000w\000a\000r\000e\000/\000C\000o\000m\000m\000o\000n\000/\000i\000n\000c\000/\000N\000o\000t\000i\000f\000i\000c\000a\000t\000i\000o\000n\000/\000G\000r\000o\000u\000p\000I\000d\000.\000h\000\040\000F\000i\000l\000e\000\040\000R\000e\000f\000e\000r\000e\000n\000c\000e}{chapter.7}% 129
\BOOKMARK [2][-]{subsection.7.11.1}{\376\377\0007\000.\0001\0001\000.\0001\000\040\000D\000e\000t\000a\000i\000l\000e\000d\000\040\000D\000e\000s\000c\000r\000i\000p\000t\000i\000o\000n}{section.7.11}% 130
\BOOKMARK [1][-]{section.7.12}{\376\377\0007\000.\0001\0002\000\040\000G\000r\000o\000u\000p\000I\000d\000.\000h}{chapter.7}% 131
\BOOKMARK [1][-]{section.7.13}{\376\377\0007\000.\0001\0003\000\040\000C\000:\000/\000P\000r\000o\000j\000e\000c\000t\000s\000/\000B\000e\000r\000g\000e\000r\000m\000e\000i\000s\000t\000e\000r\000H\000o\000m\000e\000/\000S\000o\000f\000t\000w\000a\000r\000e\000/\000C\000o\000m\000m\000o\000n\000/\000i\000n\000c\000/\000N\000o\000t\000i\000f\000i\000c\000a\000t\000i\000o\000n\000/\000I\000d\000e\000n\000t\000i\000f\000i\000e\000r\000.\000h\000\040\000F\000i\000l\000e\000\040\000R\000e\000f\000e\000r\000e\000n\000c\000e}{chapter.7}% 132
\BOOKMARK [2][-]{subsection.7.13.1}{\376\377\0007\000.\0001\0003\000.\0001\000\040\000D\000e\000t\000a\000i\000l\000e\000d\000\040\000D\000e\000s\000c\000r\000i\000p\000t\000i\000o\000n}{section.7.13}% 133
\BOOKMARK [1][-]{section.7.14}{\376\377\0007\000.\0001\0004\000\040\000I\000d\000e\000n\000t\000i\000f\000i\000e\000r\000.\000h}{chapter.7}% 134
\BOOKMARK [1][-]{section.7.15}{\376\377\0007\000.\0001\0005\000\040\000C\000:\000/\000P\000r\000o\000j\000e\000c\000t\000s\000/\000B\000e\000r\000g\000e\000r\000m\000e\000i\000s\000t\000e\000r\000H\000o\000m\000e\000/\000S\000o\000f\000t\000w\000a\000r\000e\000/\000C\000o\000m\000m\000o\000n\000/\000i\000n\000c\000/\000N\000o\000t\000i\000f\000i\000c\000a\000t\000i\000o\000n\000/\000S\000t\000a\000t\000u\000s\000.\000h\000\040\000F\000i\000l\000e\000\040\000R\000e\000f\000e\000r\000e\000n\000c\000e}{chapter.7}% 135
\BOOKMARK [2][-]{subsection.7.15.1}{\376\377\0007\000.\0001\0005\000.\0001\000\040\000D\000e\000t\000a\000i\000l\000e\000d\000\040\000D\000e\000s\000c\000r\000i\000p\000t\000i\000o\000n}{section.7.15}% 136
\BOOKMARK [1][-]{section.7.16}{\376\377\0007\000.\0001\0006\000\040\000S\000t\000a\000t\000u\000s\000.\000h}{chapter.7}% 137
\BOOKMARK [1][-]{section.7.17}{\376\377\0007\000.\0001\0007\000\040\000C\000:\000/\000P\000r\000o\000j\000e\000c\000t\000s\000/\000B\000e\000r\000g\000e\000r\000m\000e\000i\000s\000t\000e\000r\000H\000o\000m\000e\000/\000S\000o\000f\000t\000w\000a\000r\000e\000/\000C\000o\000m\000m\000o\000n\000/\000i\000n\000c\000/\000S\000t\000o\000p\000W\000a\000t\000c\000h\000.\000h\000\040\000F\000i\000l\000e\000\040\000R\000e\000f\000e\000r\000e\000n\000c\000e}{chapter.7}% 138
\BOOKMARK [2][-]{subsection.7.17.1}{\376\377\0007\000.\0001\0007\000.\0001\000\040\000D\000e\000t\000a\000i\000l\000e\000d\000\040\000D\000e\000s\000c\000r\000i\000p\000t\000i\000o\000n}{section.7.17}% 139
\BOOKMARK [1][-]{section.7.18}{\376\377\0007\000.\0001\0008\000\040\000S\000t\000o\000p\000W\000a\000t\000c\000h\000.\000h}{chapter.7}% 140
\BOOKMARK [1][-]{section.7.19}{\376\377\0007\000.\0001\0009\000\040\000C\000:\000/\000P\000r\000o\000j\000e\000c\000t\000s\000/\000B\000e\000r\000g\000e\000r\000m\000e\000i\000s\000t\000e\000r\000H\000o\000m\000e\000/\000S\000o\000f\000t\000w\000a\000r\000e\000/\000C\000o\000m\000m\000o\000n\000/\000i\000n\000c\000/\000T\000y\000p\000e\000s\000.\000h\000\040\000F\000i\000l\000e\000\040\000R\000e\000f\000e\000r\000e\000n\000c\000e}{chapter.7}% 141
\BOOKMARK [2][-]{subsection.7.19.1}{\376\377\0007\000.\0001\0009\000.\0001\000\040\000D\000e\000t\000a\000i\000l\000e\000d\000\040\000D\000e\000s\000c\000r\000i\000p\000t\000i\000o\000n}{section.7.19}% 142
\BOOKMARK [1][-]{section.7.20}{\376\377\0007\000.\0002\0000\000\040\000T\000y\000p\000e\000s\000.\000h}{chapter.7}% 143
\BOOKMARK [1][-]{section.7.21}{\376\377\0007\000.\0002\0001\000\040\000C\000:\000/\000P\000r\000o\000j\000e\000c\000t\000s\000/\000B\000e\000r\000g\000e\000r\000m\000e\000i\000s\000t\000e\000r\000H\000o\000m\000e\000/\000S\000o\000f\000t\000w\000a\000r\000e\000/\000C\000o\000m\000m\000o\000n\000/\000s\000r\000c\000/\000N\000o\000t\000i\000f\000i\000c\000a\000t\000i\000o\000n\000/\000I\000d\000e\000n\000t\000i\000f\000i\000e\000r\000.\000c\000p\000p\000\040\000F\000i\000l\000e\000\040\000R\000e\000f\000e\000r\000e\000n\000c\000e}{chapter.7}% 144
\BOOKMARK [2][-]{subsection.7.21.1}{\376\377\0007\000.\0002\0001\000.\0001\000\040\000D\000e\000t\000a\000i\000l\000e\000d\000\040\000D\000e\000s\000c\000r\000i\000p\000t\000i\000o\000n}{section.7.21}% 145
\BOOKMARK [1][-]{section.7.22}{\376\377\0007\000.\0002\0002\000\040\000I\000d\000e\000n\000t\000i\000f\000i\000e\000r\000.\000c\000p\000p}{chapter.7}% 146
\BOOKMARK [1][-]{section.7.23}{\376\377\0007\000.\0002\0003\000\040\000C\000:\000/\000P\000r\000o\000j\000e\000c\000t\000s\000/\000B\000e\000r\000g\000e\000r\000m\000e\000i\000s\000t\000e\000r\000H\000o\000m\000e\000/\000S\000o\000f\000t\000w\000a\000r\000e\000/\000C\000o\000m\000m\000o\000n\000/\000s\000r\000c\000/\000N\000o\000t\000i\000f\000i\000c\000a\000t\000i\000o\000n\000/\000S\000t\000a\000t\000u\000s\000.\000c\000p\000p\000\040\000F\000i\000l\000e\000\040\000R\000e\000f\000e\000r\000e\000n\000c\000e}{chapter.7}% 147
\BOOKMARK [2][-]{subsection.7.23.1}{\376\377\0007\000.\0002\0003\000.\0001\000\040\000D\000e\000t\000a\000i\000l\000e\000d\000\040\000D\000e\000s\000c\000r\000i\000p\000t\000i\000o\000n}{section.7.23}% 148
\BOOKMARK [1][-]{section.7.24}{\376\377\0007\000.\0002\0004\000\040\000S\000t\000a\000t\000u\000s\000.\000c\000p\000p}{chapter.7}% 149
\BOOKMARK [0][-]{section*.64}{\376\377\000I\000n\000d\000e\000x}{}% 150
